==9008== Memcheck, a memory error detector
==9008== Copyright (C) 2002-2015, and GNU GPL'd, by Julian Seward et al.
==9008== Using Valgrind-3.11.0 and LibVEX; rerun with -h for copyright info
==9008== Command: ./memleak
==9008== Parent PID: 9007
==9008== 
--9008-- 
--9008-- Valgrind options:
--9008--    --verbose
--9008--    --tool=memcheck
--9008--    --show-reachable=yes
--9008--    --track-fds=yes
--9008--    --trace-children=yes
--9008--    --track-origins=yes
--9008--    --leak-check=full
--9008--    --log-file=valgrind.log
--9008-- Output from sysctl({CTL_KERN,KERN_VERSION}):
--9008--   Darwin Kernel Version 15.5.0: Tue Apr 19 18:36:36 PDT 2016; root:xnu-3248.50.21~8/RELEASE_X86_64
--9008-- Arch and hwcaps: AMD64, LittleEndian, amd64-cx16-lzcnt-rdtscp-sse3-avx-avx2-bmi
--9008-- Page sizes: currently 4096, max supported 4096
--9008-- Valgrind library directory: /usr/local/Cellar/valgrind/3.11.0/lib/valgrind
--9008-- ./memleak (rx at 0x100000000, rw at 0x100001000)
--9008--    reading syms   from primary file (2 8)
--9008--    dSYM= ./memleak.dSYM/Contents/Resources/DWARF/memleak
--9008--    reading dwarf3 from dsyms file
--9008-- /usr/lib/dyld (rx at 0x7fff5fc00000, rw at 0x7fff5fc38000)
--9008--    reading syms   from primary file (6 1227)
--9008-- Scheduler: using generic scheduler lock implementation.
--9008-- Reading suppressions file: /usr/local/Cellar/valgrind/3.11.0/lib/valgrind/default.supp
==9008== 
==9008== TO CONTROL THIS PROCESS USING vgdb (which you probably
==9008== don't want to do, unless you know exactly what you're doing,
==9008== or are doing some strange experiment):
==9008==   /usr/local/Cellar/valgrind/3.11.0/lib/valgrind/../../bin/vgdb --pid=9008 ...command...
==9008== 
==9008== TO DEBUG THIS PROCESS USING GDB: start GDB like this
==9008==   /path/to/gdb ./memleak
==9008== and then give GDB the following command
==9008==   target remote | /usr/local/Cellar/valgrind/3.11.0/lib/valgrind/../../bin/vgdb --pid=9008
==9008== --pid is optional if only one valgrind process is running
==9008== 
--9008-- REDIR: 0x7fff5fc1e799 (dyld:arc4random) redirected to 0x23805b99f (???)
--9008-- REDIR: 0x7fff5fc24960 (dyld:strcmp) redirected to 0x23805b901 (???)
--9008-- REDIR: 0x7fff5fc1e560 (dyld:strlen) redirected to 0x23805b8d0 (???)
--9008-- REDIR: 0x7fff5fc1e4c0 (dyld:strcpy) redirected to 0x23805b91d (???)
--9008-- REDIR: 0x7fff5fc21ebf (dyld:strcat) redirected to 0x23805b8e1 (???)
--9008-- REDIR: 0x7fff5fc21eff (dyld:strlcat) redirected to 0x23805b93a (???)
--9008-- /usr/local/Cellar/valgrind/3.11.0/lib/valgrind/vgpreload_core-amd64-darwin.so (rx at 0x100003000, rw at 0x100005000)
--9008--    reading syms   from primary file (3 21)
--9008--    dSYM= /usr/local/Cellar/valgrind/3.11.0/lib/valgrind/vgpreload_core-amd64-darwin.so.dSYM/Contents/Resources/DWARF/vgpreload_core-amd64-darwin.so
--9008-- /usr/local/Cellar/valgrind/3.11.0/lib/valgrind/vgpreload_memcheck-amd64-darwin.so (rx at 0x100007000, rw at 0x10000d000)
--9008--    reading syms   from primary file (72 29)
--9008--    dSYM= /usr/local/Cellar/valgrind/3.11.0/lib/valgrind/vgpreload_memcheck-amd64-darwin.so.dSYM/Contents/Resources/DWARF/vgpreload_memcheck-amd64-darwin.so
--9008-- UNKNOWN fcntl 97!
--9008-- /usr/lib/libc++.1.dylib (rx at 0x100010000, rw at 0x100064000)
--9008--    reading syms   from primary file (1960 1590)
--9008-- UNKNOWN fcntl 97! (repeated 2 times)
--9008-- /usr/lib/libSystem.B.dylib (rx at 0x1000c0000, rw at 0x1000c2000)
--9008--    reading syms   from primary file (31 5)
--9008-- /usr/lib/libc++abi.dylib (rx at 0x1000c7000, rw at 0x1000f1000)
--9008--    reading syms   from primary file (337 181)
--9008-- UNKNOWN fcntl 97! (repeated 4 times)
--9008-- /usr/lib/system/libcache.dylib (rx at 0x1000ff000, rw at 0x100104000)
--9008--    reading syms   from primary file (32 30)
--9008-- /usr/lib/system/libcommonCrypto.dylib (rx at 0x100109000, rw at 0x100115000)
--9008--    reading syms   from primary file (214 188)
--9008-- /usr/lib/system/libcompiler_rt.dylib (rx at 0x100122000, rw at 0x10012a000)
--9008--    reading syms   from primary file (510 8)
--9008-- /usr/lib/system/libcopyfile.dylib (rx at 0x100137000, rw at 0x100140000)
--9008--    reading syms   from primary file (13 35)
--9008-- UNKNOWN fcntl 97! (repeated 8 times)
--9008-- /usr/lib/system/libcorecrypto.dylib (rx at 0x100146000, rw at 0x1001be000)
--9008--    reading syms   from primary file (430 601)
--9008-- /usr/lib/system/libdispatch.dylib (rx at 0x1001d6000, rw at 0x100204000)
--9008--    reading syms   from primary file (215 832)
--9008-- /usr/lib/system/libdyld.dylib (rx at 0x10022d000, rw at 0x100231000)
--9008--    reading syms   from primary file (80 109)
--9008-- /usr/lib/system/libkeymgr.dylib (rx at 0x100238000, rw at 0x100239000)
--9008--    reading syms   from primary file (12 3)
--9008-- /usr/lib/system/libmacho.dylib (rx at 0x100244000, rw at 0x10024a000)
--9008--    reading syms   from primary file (97 1)
--9008-- /usr/lib/system/libquarantine.dylib (rx at 0x100250000, rw at 0x100253000)
--9008--    reading syms   from primary file (67 32)
--9008-- /usr/lib/system/libremovefile.dylib (rx at 0x100259000, rw at 0x10025b000)
--9008--    reading syms   from primary file (15 4)
--9008-- UNKNOWN fcntl 97! (repeated 16 times)
--9008-- /usr/lib/system/libsystem_asl.dylib (rx at 0x100260000, rw at 0x100278000)
--9008--    reading syms   from primary file (222 225)
--9008-- /usr/lib/system/libsystem_blocks.dylib (rx at 0x100285000, rw at 0x100287000)
--9008--    reading syms   from primary file (25 22)
--9008-- /usr/lib/system/libsystem_c.dylib (rx at 0x10028b000, rw at 0x100319000)
--9008--    reading syms   from primary file (1303 748)
--9008-- /usr/lib/system/libsystem_configuration.dylib (rx at 0x100344000, rw at 0x100347000)
--9008--    reading syms   from primary file (28 57)
--9008-- /usr/lib/system/libsystem_coreservices.dylib (rx at 0x10034d000, rw at 0x100350000)
--9008--    reading syms   from primary file (13 30)
--9008-- /usr/lib/system/libsystem_coretls.dylib (rx at 0x100355000, rw at 0x10036d000)
--9008--    reading syms   from primary file (118 233)
--9008-- /usr/lib/system/libsystem_dnssd.dylib (rx at 0x100376000, rw at 0x10037f000)
--9008--    reading syms   from primary file (68 33)
--9008-- /usr/lib/system/libsystem_info.dylib (rx at 0x100385000, rw at 0x1003af000)
--9008--    reading syms   from primary file (526 527)
--9008-- /usr/lib/system/libsystem_kernel.dylib (rx at 0x1003c4000, rw at 0x1003e3000)
--9008--    reading syms   from primary file (1069 84)
--9008-- /usr/lib/system/libsystem_m.dylib (rx at 0x1003f8000, rw at 0x100428000)
--9008--    reading syms   from primary file (593 1)
--9008-- /usr/lib/system/libsystem_malloc.dylib (rx at 0x100434000, rw at 0x100451000)
--9008--    reading syms   from primary file (102 201)
--9008-- /usr/lib/system/libsystem_network.dylib (rx at 0x10045a000, rw at 0x1004c1000)
--9008--    reading syms   from primary file (686 2055)
--9008-- /usr/lib/system/libsystem_networkextension.dylib (rx at 0x1004f8000, rw at 0x100501000)
--9008--    reading syms   from primary file (85 236)
--9008-- /usr/lib/system/libsystem_notify.dylib (rx at 0x10050c000, rw at 0x100516000)
--9008--    reading syms   from primary file (136 53)
--9008-- /usr/lib/system/libsystem_platform.dylib (rx at 0x10051e000, rw at 0x100527000)
--9008--    reading syms   from primary file (142 158)
--9008-- /usr/lib/system/libsystem_pthread.dylib (rx at 0x10052f000, rw at 0x100539000)
--9008--    reading syms   from primary file (163 70)
--9008-- UNKNOWN fcntl 97! (repeated 32 times)
--9008-- /usr/lib/system/libsystem_sandbox.dylib (rx at 0x100546000, rw at 0x10054a000)
--9008--    reading syms   from primary file (80 7)
--9008-- /usr/lib/system/libsystem_secinit.dylib (rx at 0x100550000, rw at 0x100552000)
--9008--    reading syms   from primary file (3 6)
--9008-- /usr/lib/system/libsystem_trace.dylib (rx at 0x100557000, rw at 0x100569000)
--9008--    reading syms   from primary file (94 351)
--9008-- /usr/lib/system/libunwind.dylib (rx at 0x10057b000, rw at 0x100581000)
--9008--    reading syms   from primary file (102 52)
--9008-- /usr/lib/system/libxpc.dylib (rx at 0x100588000, rw at 0x1005b2000)
--9008--    reading syms   from primary file (506 835)
--9008-- /usr/lib/libobjc.A.dylib (rx at 0x1005d0000, rw at 0x100933000)
--9008--    reading syms   from primary file (347 935)
--9008-- /usr/lib/libauto.dylib (rx at 0x100a0f000, rw at 0x100a56000)
--9008--    reading syms   from primary file (68 658)
--9008-- /usr/lib/libDiagnosticMessagesClient.dylib (rx at 0x100a6b000, rw at 0x100a6d000)
--9008--    reading syms   from primary file (21 14)
--9008-- REDIR: 0x10051eba0 (libsystem_platform.dylib:_platform_memchr$VARIANT$Haswell) redirected to 0x10000ab73 (_platform_memchr$VARIANT$Haswell)
--9008-- REDIR: 0x10051ec80 (libsystem_platform.dylib:_platform_memcmp) redirected to 0x10000b0af (_platform_memcmp)
--9008-- REDIR: 0x10051f220 (libsystem_platform.dylib:_platform_strncmp) redirected to 0x10000aa25 (_platform_strncmp)
--9008-- REDIR: 0x1004350a2 (libsystem_malloc.dylib:malloc) redirected to 0x100008e3a (malloc)
--9008-- REDIR: 0x10028c140 (libsystem_c.dylib:strlen) redirected to 0x10000a6b4 (strlen)
--9008-- REDIR: 0x10051f800 (libsystem_platform.dylib:_platform_strcmp) redirected to 0x10000aac5 (_platform_strcmp)
--9008-- REDIR: 0x100437e98 (libsystem_malloc.dylib:free) redirected to 0x10000927a (free)
--9008-- REDIR: 0x10043a431 (libsystem_malloc.dylib:calloc) redirected to 0x1000094f2 (calloc)
--9008-- REDIR: 0x100439939 (libsystem_malloc.dylib:malloc_default_zone) redirected to 0x10000a2a4 (malloc_default_zone)
--9008-- REDIR: 0x10043655a (libsystem_malloc.dylib:malloc_zone_malloc) redirected to 0x1000090ee (malloc_zone_malloc)
--9008-- REDIR: 0x100439958 (libsystem_malloc.dylib:malloc_zone_calloc) redirected to 0x1000096f4 (malloc_zone_calloc)
--9008-- REDIR: 0x100439a12 (libsystem_malloc.dylib:malloc_zone_from_ptr) redirected to 0x10000a2e5 (malloc_zone_from_ptr)
--9008-- REDIR: 0x10051f400 (libsystem_platform.dylib:_platform_strchr$VARIANT$Haswell) redirected to 0x10000a57a (_platform_strchr$VARIANT$Haswell)
--9008-- REDIR: 0x10043a634 (libsystem_malloc.dylib:realloc) redirected to 0x100009896 (realloc)
--9008-- REDIR: 0x10043c9e0 (libsystem_malloc.dylib:malloc_zone_memalign) redirected to 0x100009e3c (malloc_zone_memalign)
==9008== 
==9008== FILE DESCRIPTORS: 4 open at exit.
==9008== Open file descriptor 3: /Volumes/data/projects/classes/cs32/winter2016/discussion3/valgrind.log
==9008==    <inherited from parent>
==9008== 
==9008== Open file descriptor 2: /dev/ttys005
==9008==    <inherited from parent>
==9008== 
==9008== Open file descriptor 1: /dev/ttys005
==9008==    <inherited from parent>
==9008== 
==9008== Open file descriptor 0: /dev/ttys005
==9008==    <inherited from parent>
==9008== 
==9008== 
==9008== HEAP SUMMARY:
==9008==     in use at exit: 46,126 bytes in 192 blocks
==9008==   total heap usage: 258 allocs, 66 frees, 51,902 bytes allocated
==9008== 
==9008== Searching for pointers to 192 not-freed blocks
==9008== Checked 9,806,112 bytes
==9008== 
==9008== 24 bytes in 1 blocks are still reachable in loss record 5 of 65
==9008==    at 0x10000917C: malloc_zone_malloc (in /usr/local/Cellar/valgrind/3.11.0/lib/valgrind/vgpreload_memcheck-amd64-darwin.so)
==9008==    by 0x1005D41E4: _read_images (in /usr/lib/libobjc.A.dylib)
==9008==    by 0x1005D99EB: object_setClass (in /usr/lib/libobjc.A.dylib)
==9008==    by 0x1005D2BC7: gc_init (in /usr/lib/libobjc.A.dylib)
==9008==    by 0x1005D28C1: preopt_init (in /usr/lib/libobjc.A.dylib)
==9008==    by 0x1005D25CA: map_images_nolock (in /usr/lib/libobjc.A.dylib)
==9008==    by 0x1005E4C6C: batchFinalizeOnTwoThreads(_malloc_zone_t*, void (*)(auto_zone_cursor*, void (*)(void*, void*), void*), auto_zone_cursor*, unsigned long) (in /usr/lib/libobjc.A.dylib)
==9008==    by 0x7FFF5FC047CF: dyld::notifyBatchPartial(dyld_image_states, bool, char const* (*)(dyld_image_states, unsigned int, dyld_image_info const*)) (in /usr/lib/dyld)
==9008==    by 0x7FFF5FC04516: dyld::registerImageStateBatchChangeHandler(dyld_image_states, char const* (*)(dyld_image_states, unsigned int, dyld_image_info const*)) (in /usr/lib/dyld)
==9008==    by 0x10022F89D: dyld_register_image_state_change_handler (in /usr/lib/system/libdyld.dylib)
==9008==    by 0x1005D107B: _objc_init (in /usr/lib/libobjc.A.dylib)
==9008==    by 0x1001D7C93: _os_object_init (in /usr/lib/system/libdispatch.dylib)
==9008== 
==9008== 24 bytes in 1 blocks are still reachable in loss record 6 of 65
==9008==    at 0x10000917C: malloc_zone_malloc (in /usr/local/Cellar/valgrind/3.11.0/lib/valgrind/vgpreload_memcheck-amd64-darwin.so)
==9008==    by 0x1005D41E4: _read_images (in /usr/lib/libobjc.A.dylib)
==9008==    by 0x1005D99EB: object_setClass (in /usr/lib/libobjc.A.dylib)
==9008==    by 0x1005D4C96: NXHashInsert (in /usr/lib/libobjc.A.dylib)
==9008==    by 0x1005D39B8: _read_images (in /usr/lib/libobjc.A.dylib)
==9008==    by 0x1005D25DA: map_images_nolock (in /usr/lib/libobjc.A.dylib)
==9008==    by 0x1005E4C6C: batchFinalizeOnTwoThreads(_malloc_zone_t*, void (*)(auto_zone_cursor*, void (*)(void*, void*), void*), auto_zone_cursor*, unsigned long) (in /usr/lib/libobjc.A.dylib)
==9008==    by 0x7FFF5FC047CF: dyld::notifyBatchPartial(dyld_image_states, bool, char const* (*)(dyld_image_states, unsigned int, dyld_image_info const*)) (in /usr/lib/dyld)
==9008==    by 0x7FFF5FC04516: dyld::registerImageStateBatchChangeHandler(dyld_image_states, char const* (*)(dyld_image_states, unsigned int, dyld_image_info const*)) (in /usr/lib/dyld)
==9008==    by 0x10022F89D: dyld_register_image_state_change_handler (in /usr/lib/system/libdyld.dylib)
==9008==    by 0x1005D107B: _objc_init (in /usr/lib/libobjc.A.dylib)
==9008==    by 0x1001D7C93: _os_object_init (in /usr/lib/system/libdispatch.dylib)
==9008== 
==9008== 24 bytes in 1 blocks are still reachable in loss record 7 of 65
==9008==    at 0x10000917C: malloc_zone_malloc (in /usr/local/Cellar/valgrind/3.11.0/lib/valgrind/vgpreload_memcheck-amd64-darwin.so)
==9008==    by 0x1005D41E4: _read_images (in /usr/lib/libobjc.A.dylib)
==9008==    by 0x1005D99EB: object_setClass (in /usr/lib/libobjc.A.dylib)
==9008==    by 0x1005E71C0: layout_bitmap_set_ivar (in /usr/lib/libobjc.A.dylib)
==9008==    by 0x1005D58C4: realizeClass(objc_class*) (in /usr/lib/libobjc.A.dylib)
==9008==    by 0x1005D5300: copySwiftV1MangledName(char const*, bool) (in /usr/lib/libobjc.A.dylib)
==9008==    by 0x1005D52E9: copySwiftV1MangledName(char const*, bool) (in /usr/lib/libobjc.A.dylib)
==9008==    by 0x1005D52E9: copySwiftV1MangledName(char const*, bool) (in /usr/lib/libobjc.A.dylib)
==9008==    by 0x1005D52E9: copySwiftV1MangledName(char const*, bool) (in /usr/lib/libobjc.A.dylib)
==9008==    by 0x1005D3CE9: _read_images (in /usr/lib/libobjc.A.dylib)
==9008==    by 0x1005D25DA: map_images_nolock (in /usr/lib/libobjc.A.dylib)
==9008==    by 0x1005E4C6C: batchFinalizeOnTwoThreads(_malloc_zone_t*, void (*)(auto_zone_cursor*, void (*)(void*, void*), void*), auto_zone_cursor*, unsigned long) (in /usr/lib/libobjc.A.dylib)
==9008== 
==9008== 32 bytes in 1 blocks are still reachable in loss record 12 of 65
==9008==    at 0x10000917C: malloc_zone_malloc (in /usr/local/Cellar/valgrind/3.11.0/lib/valgrind/vgpreload_memcheck-amd64-darwin.so)
==9008==    by 0x1005D433C: _read_images (in /usr/lib/libobjc.A.dylib)
==9008==    by 0x1005D430C: _read_images (in /usr/lib/libobjc.A.dylib)
==9008==    by 0x1005D420C: _read_images (in /usr/lib/libobjc.A.dylib)
==9008==    by 0x1005D99EB: object_setClass (in /usr/lib/libobjc.A.dylib)
==9008==    by 0x1005D2BC7: gc_init (in /usr/lib/libobjc.A.dylib)
==9008==    by 0x1005D28C1: preopt_init (in /usr/lib/libobjc.A.dylib)
==9008==    by 0x1005D25CA: map_images_nolock (in /usr/lib/libobjc.A.dylib)
==9008==    by 0x1005E4C6C: batchFinalizeOnTwoThreads(_malloc_zone_t*, void (*)(auto_zone_cursor*, void (*)(void*, void*), void*), auto_zone_cursor*, unsigned long) (in /usr/lib/libobjc.A.dylib)
==9008==    by 0x7FFF5FC047CF: dyld::notifyBatchPartial(dyld_image_states, bool, char const* (*)(dyld_image_states, unsigned int, dyld_image_info const*)) (in /usr/lib/dyld)
==9008==    by 0x7FFF5FC04516: dyld::registerImageStateBatchChangeHandler(dyld_image_states, char const* (*)(dyld_image_states, unsigned int, dyld_image_info const*)) (in /usr/lib/dyld)
==9008==    by 0x10022F89D: dyld_register_image_state_change_handler (in /usr/lib/system/libdyld.dylib)
==9008== 
==9008== 32 bytes in 1 blocks are still reachable in loss record 13 of 65
==9008==    at 0x10000917C: malloc_zone_malloc (in /usr/local/Cellar/valgrind/3.11.0/lib/valgrind/vgpreload_memcheck-amd64-darwin.so)
==9008==    by 0x1005D435F: _read_images (in /usr/lib/libobjc.A.dylib)
==9008==    by 0x1005D430C: _read_images (in /usr/lib/libobjc.A.dylib)
==9008==    by 0x1005D420C: _read_images (in /usr/lib/libobjc.A.dylib)
==9008==    by 0x1005D99EB: object_setClass (in /usr/lib/libobjc.A.dylib)
==9008==    by 0x1005D2BC7: gc_init (in /usr/lib/libobjc.A.dylib)
==9008==    by 0x1005D28C1: preopt_init (in /usr/lib/libobjc.A.dylib)
==9008==    by 0x1005D25CA: map_images_nolock (in /usr/lib/libobjc.A.dylib)
==9008==    by 0x1005E4C6C: batchFinalizeOnTwoThreads(_malloc_zone_t*, void (*)(auto_zone_cursor*, void (*)(void*, void*), void*), auto_zone_cursor*, unsigned long) (in /usr/lib/libobjc.A.dylib)
==9008==    by 0x7FFF5FC047CF: dyld::notifyBatchPartial(dyld_image_states, bool, char const* (*)(dyld_image_states, unsigned int, dyld_image_info const*)) (in /usr/lib/dyld)
==9008==    by 0x7FFF5FC04516: dyld::registerImageStateBatchChangeHandler(dyld_image_states, char const* (*)(dyld_image_states, unsigned int, dyld_image_info const*)) (in /usr/lib/dyld)
==9008==    by 0x10022F89D: dyld_register_image_state_change_handler (in /usr/lib/system/libdyld.dylib)
==9008== 
==9008== 32 bytes in 1 blocks are still reachable in loss record 16 of 65
==9008==    at 0x10000917C: malloc_zone_malloc (in /usr/local/Cellar/valgrind/3.11.0/lib/valgrind/vgpreload_memcheck-amd64-darwin.so)
==9008==    by 0x1005D433C: _read_images (in /usr/lib/libobjc.A.dylib)
==9008==    by 0x1005D430C: _read_images (in /usr/lib/libobjc.A.dylib)
==9008==    by 0x1005D34A1: objc_opt::objc_stringhash_t::hash(char const*, unsigned long) const (in /usr/lib/libobjc.A.dylib)
==9008==    by 0x1005D25DA: map_images_nolock (in /usr/lib/libobjc.A.dylib)
==9008==    by 0x1005E4C6C: batchFinalizeOnTwoThreads(_malloc_zone_t*, void (*)(auto_zone_cursor*, void (*)(void*, void*), void*), auto_zone_cursor*, unsigned long) (in /usr/lib/libobjc.A.dylib)
==9008==    by 0x7FFF5FC047CF: dyld::notifyBatchPartial(dyld_image_states, bool, char const* (*)(dyld_image_states, unsigned int, dyld_image_info const*)) (in /usr/lib/dyld)
==9008==    by 0x7FFF5FC04516: dyld::registerImageStateBatchChangeHandler(dyld_image_states, char const* (*)(dyld_image_states, unsigned int, dyld_image_info const*)) (in /usr/lib/dyld)
==9008==    by 0x10022F89D: dyld_register_image_state_change_handler (in /usr/lib/system/libdyld.dylib)
==9008==    by 0x1005D107B: _objc_init (in /usr/lib/libobjc.A.dylib)
==9008==    by 0x1001D7C93: _os_object_init (in /usr/lib/system/libdispatch.dylib)
==9008==    by 0x1001D7C7F: libdispatch_init (in /usr/lib/system/libdispatch.dylib)
==9008== 
==9008== 32 bytes in 1 blocks are still reachable in loss record 18 of 65
==9008==    at 0x10000917C: malloc_zone_malloc (in /usr/local/Cellar/valgrind/3.11.0/lib/valgrind/vgpreload_memcheck-amd64-darwin.so)
==9008==    by 0x1005D433C: _read_images (in /usr/lib/libobjc.A.dylib)
==9008==    by 0x1005D430C: _read_images (in /usr/lib/libobjc.A.dylib)
==9008==    by 0x1005D34BE: objc_opt::objc_stringhash_t::hash(char const*, unsigned long) const (in /usr/lib/libobjc.A.dylib)
==9008==    by 0x1005D25DA: map_images_nolock (in /usr/lib/libobjc.A.dylib)
==9008==    by 0x1005E4C6C: batchFinalizeOnTwoThreads(_malloc_zone_t*, void (*)(auto_zone_cursor*, void (*)(void*, void*), void*), auto_zone_cursor*, unsigned long) (in /usr/lib/libobjc.A.dylib)
==9008==    by 0x7FFF5FC047CF: dyld::notifyBatchPartial(dyld_image_states, bool, char const* (*)(dyld_image_states, unsigned int, dyld_image_info const*)) (in /usr/lib/dyld)
==9008==    by 0x7FFF5FC04516: dyld::registerImageStateBatchChangeHandler(dyld_image_states, char const* (*)(dyld_image_states, unsigned int, dyld_image_info const*)) (in /usr/lib/dyld)
==9008==    by 0x10022F89D: dyld_register_image_state_change_handler (in /usr/lib/system/libdyld.dylib)
==9008==    by 0x1005D107B: _objc_init (in /usr/lib/libobjc.A.dylib)
==9008==    by 0x1001D7C93: _os_object_init (in /usr/lib/system/libdispatch.dylib)
==9008==    by 0x1001D7C7F: libdispatch_init (in /usr/lib/system/libdispatch.dylib)
==9008== 
==9008== 32 bytes in 1 blocks are still reachable in loss record 19 of 65
==9008==    at 0x100008EBB: malloc (in /usr/local/Cellar/valgrind/3.11.0/lib/valgrind/vgpreload_memcheck-amd64-darwin.so)
==9008==    by 0x1005D4272: _read_images (in /usr/lib/libobjc.A.dylib)
==9008==    by 0x1005D99EB: object_setClass (in /usr/lib/libobjc.A.dylib)
==9008==    by 0x1005E71C0: layout_bitmap_set_ivar (in /usr/lib/libobjc.A.dylib)
==9008==    by 0x1005D58C4: realizeClass(objc_class*) (in /usr/lib/libobjc.A.dylib)
==9008==    by 0x1005D5300: copySwiftV1MangledName(char const*, bool) (in /usr/lib/libobjc.A.dylib)
==9008==    by 0x1005D52E9: copySwiftV1MangledName(char const*, bool) (in /usr/lib/libobjc.A.dylib)
==9008==    by 0x1005D52E9: copySwiftV1MangledName(char const*, bool) (in /usr/lib/libobjc.A.dylib)
==9008==    by 0x1005D52E9: copySwiftV1MangledName(char const*, bool) (in /usr/lib/libobjc.A.dylib)
==9008==    by 0x1005D3CE9: _read_images (in /usr/lib/libobjc.A.dylib)
==9008==    by 0x1005D25DA: map_images_nolock (in /usr/lib/libobjc.A.dylib)
==9008==    by 0x1005E4C6C: batchFinalizeOnTwoThreads(_malloc_zone_t*, void (*)(auto_zone_cursor*, void (*)(void*, void*), void*), auto_zone_cursor*, unsigned long) (in /usr/lib/libobjc.A.dylib)
==9008== 
==9008== 48 bytes in 1 blocks are still reachable in loss record 22 of 65
==9008==    at 0x10000978B: malloc_zone_calloc (in /usr/local/Cellar/valgrind/3.11.0/lib/valgrind/vgpreload_memcheck-amd64-darwin.so)
==9008==    by 0x1005D483B: NXCreateHashTableFromZone (in /usr/lib/libobjc.A.dylib)
==9008==    by 0x1005D47B9: NXCreateMapTableFromZone (in /usr/lib/libobjc.A.dylib)
==9008==    by 0x1005D4477: _read_images (in /usr/lib/libobjc.A.dylib)
==9008==    by 0x1005D430C: _read_images (in /usr/lib/libobjc.A.dylib)
==9008==    by 0x1005D420C: _read_images (in /usr/lib/libobjc.A.dylib)
==9008==    by 0x1005D99EB: object_setClass (in /usr/lib/libobjc.A.dylib)
==9008==    by 0x1005D2BC7: gc_init (in /usr/lib/libobjc.A.dylib)
==9008==    by 0x1005D28C1: preopt_init (in /usr/lib/libobjc.A.dylib)
==9008==    by 0x1005D25CA: map_images_nolock (in /usr/lib/libobjc.A.dylib)
==9008==    by 0x1005E4C6C: batchFinalizeOnTwoThreads(_malloc_zone_t*, void (*)(auto_zone_cursor*, void (*)(void*, void*), void*), auto_zone_cursor*, unsigned long) (in /usr/lib/libobjc.A.dylib)
==9008==    by 0x7FFF5FC047CF: dyld::notifyBatchPartial(dyld_image_states, bool, char const* (*)(dyld_image_states, unsigned int, dyld_image_info const*)) (in /usr/lib/dyld)
==9008== 
==9008== 48 bytes in 1 blocks are still reachable in loss record 23 of 65
==9008==    at 0x10000978B: malloc_zone_calloc (in /usr/local/Cellar/valgrind/3.11.0/lib/valgrind/vgpreload_memcheck-amd64-darwin.so)
==9008==    by 0x1005D483B: NXCreateHashTableFromZone (in /usr/lib/libobjc.A.dylib)
==9008==    by 0x1005D47B9: NXCreateMapTableFromZone (in /usr/lib/libobjc.A.dylib)
==9008==    by 0x1005D4293: _read_images (in /usr/lib/libobjc.A.dylib)
==9008==    by 0x1005D99EB: object_setClass (in /usr/lib/libobjc.A.dylib)
==9008==    by 0x1005E71C0: layout_bitmap_set_ivar (in /usr/lib/libobjc.A.dylib)
==9008==    by 0x1005D58C4: realizeClass(objc_class*) (in /usr/lib/libobjc.A.dylib)
==9008==    by 0x1005D5300: copySwiftV1MangledName(char const*, bool) (in /usr/lib/libobjc.A.dylib)
==9008==    by 0x1005D52E9: copySwiftV1MangledName(char const*, bool) (in /usr/lib/libobjc.A.dylib)
==9008==    by 0x1005D52E9: copySwiftV1MangledName(char const*, bool) (in /usr/lib/libobjc.A.dylib)
==9008==    by 0x1005D52E9: copySwiftV1MangledName(char const*, bool) (in /usr/lib/libobjc.A.dylib)
==9008==    by 0x1005D3CE9: _read_images (in /usr/lib/libobjc.A.dylib)
==9008== 
==9008== 64 bytes in 1 blocks are possibly lost in loss record 32 of 65
==9008==    at 0x1000095B9: calloc (in /usr/local/Cellar/valgrind/3.11.0/lib/valgrind/vgpreload_memcheck-amd64-darwin.so)
==9008==    by 0x1005D5231: NXMapGet (in /usr/lib/libobjc.A.dylib)
==9008==    by 0x1005D52E9: copySwiftV1MangledName(char const*, bool) (in /usr/lib/libobjc.A.dylib)
==9008==    by 0x1005D52E9: copySwiftV1MangledName(char const*, bool) (in /usr/lib/libobjc.A.dylib)
==9008==    by 0x1005D3CE9: _read_images (in /usr/lib/libobjc.A.dylib)
==9008==    by 0x1005D25DA: map_images_nolock (in /usr/lib/libobjc.A.dylib)
==9008==    by 0x1005E4C6C: batchFinalizeOnTwoThreads(_malloc_zone_t*, void (*)(auto_zone_cursor*, void (*)(void*, void*), void*), auto_zone_cursor*, unsigned long) (in /usr/lib/libobjc.A.dylib)
==9008==    by 0x7FFF5FC047CF: dyld::notifyBatchPartial(dyld_image_states, bool, char const* (*)(dyld_image_states, unsigned int, dyld_image_info const*)) (in /usr/lib/dyld)
==9008==    by 0x7FFF5FC04516: dyld::registerImageStateBatchChangeHandler(dyld_image_states, char const* (*)(dyld_image_states, unsigned int, dyld_image_info const*)) (in /usr/lib/dyld)
==9008==    by 0x10022F89D: dyld_register_image_state_change_handler (in /usr/lib/system/libdyld.dylib)
==9008==    by 0x1005D107B: _objc_init (in /usr/lib/libobjc.A.dylib)
==9008==    by 0x1001D7C93: _os_object_init (in /usr/lib/system/libdispatch.dylib)
==9008== 
==9008== 64 bytes in 1 blocks are indirectly lost in loss record 34 of 65
==9008==    at 0x1000095B9: calloc (in /usr/local/Cellar/valgrind/3.11.0/lib/valgrind/vgpreload_memcheck-amd64-darwin.so)
==9008==    by 0x1001D92D0: _dispatch_calloc (in /usr/lib/system/libdispatch.dylib)
==9008==    by 0x1001D9038: _voucher_atm_create (in /usr/lib/system/libdispatch.dylib)
==9008==    by 0x1001D8F75: _voucher_activity_heap_init (in /usr/lib/system/libdispatch.dylib)
==9008==    by 0x1001D840A: _dispatch_client_callout (in /usr/lib/system/libdispatch.dylib)
==9008==    by 0x1001D8302: dispatch_once_f (in /usr/lib/system/libdispatch.dylib)
==9008==    by 0x1001D8DDE: voucher_activity_get_metadata_buffer (in /usr/lib/system/libdispatch.dylib)
==9008==    by 0x10055E3FB: _libtrace_init (in /usr/lib/system/libsystem_trace.dylib)
==9008==    by 0x1000C1A15: libSystem_initializer (in /usr/lib/libSystem.B.dylib)
==9008==    by 0x7FFF5FC1310A: ImageLoaderMachO::doModInitFunctions(ImageLoader::LinkContext const&) (in /usr/lib/dyld)
==9008==    by 0x7FFF5FC13283: ImageLoaderMachO::doInitialization(ImageLoader::LinkContext const&) (in /usr/lib/dyld)
==9008==    by 0x7FFF5FC0F8BC: ImageLoader::recursiveInitialization(ImageLoader::LinkContext const&, unsigned int, ImageLoader::InitializerTimingList&, ImageLoader::UninitedUpwards&) (in /usr/lib/dyld)
==9008== 
==9008== 128 bytes in 2 blocks are possibly lost in loss record 40 of 65
==9008==    at 0x1000095B9: calloc (in /usr/local/Cellar/valgrind/3.11.0/lib/valgrind/vgpreload_memcheck-amd64-darwin.so)
==9008==    by 0x1005D5231: NXMapGet (in /usr/lib/libobjc.A.dylib)
==9008==    by 0x1005D52E9: copySwiftV1MangledName(char const*, bool) (in /usr/lib/libobjc.A.dylib)
==9008==    by 0x1005D3CE9: _read_images (in /usr/lib/libobjc.A.dylib)
==9008==    by 0x1005D25DA: map_images_nolock (in /usr/lib/libobjc.A.dylib)
==9008==    by 0x1005E4C6C: batchFinalizeOnTwoThreads(_malloc_zone_t*, void (*)(auto_zone_cursor*, void (*)(void*, void*), void*), auto_zone_cursor*, unsigned long) (in /usr/lib/libobjc.A.dylib)
==9008==    by 0x7FFF5FC047CF: dyld::notifyBatchPartial(dyld_image_states, bool, char const* (*)(dyld_image_states, unsigned int, dyld_image_info const*)) (in /usr/lib/dyld)
==9008==    by 0x7FFF5FC04516: dyld::registerImageStateBatchChangeHandler(dyld_image_states, char const* (*)(dyld_image_states, unsigned int, dyld_image_info const*)) (in /usr/lib/dyld)
==9008==    by 0x10022F89D: dyld_register_image_state_change_handler (in /usr/lib/system/libdyld.dylib)
==9008==    by 0x1005D107B: _objc_init (in /usr/lib/libobjc.A.dylib)
==9008==    by 0x1001D7C93: _os_object_init (in /usr/lib/system/libdispatch.dylib)
==9008==    by 0x1001D7C7F: libdispatch_init (in /usr/lib/system/libdispatch.dylib)
==9008== 
==9008== 160 bytes in 4 blocks are indirectly lost in loss record 42 of 65
==9008==    at 0x1000095B9: calloc (in /usr/local/Cellar/valgrind/3.11.0/lib/valgrind/vgpreload_memcheck-amd64-darwin.so)
==9008==    by 0x1005D2464: map_images_nolock (in /usr/lib/libobjc.A.dylib)
==9008==    by 0x1005E4C6C: batchFinalizeOnTwoThreads(_malloc_zone_t*, void (*)(auto_zone_cursor*, void (*)(void*, void*), void*), auto_zone_cursor*, unsigned long) (in /usr/lib/libobjc.A.dylib)
==9008==    by 0x7FFF5FC047CF: dyld::notifyBatchPartial(dyld_image_states, bool, char const* (*)(dyld_image_states, unsigned int, dyld_image_info const*)) (in /usr/lib/dyld)
==9008==    by 0x7FFF5FC04516: dyld::registerImageStateBatchChangeHandler(dyld_image_states, char const* (*)(dyld_image_states, unsigned int, dyld_image_info const*)) (in /usr/lib/dyld)
==9008==    by 0x10022F89D: dyld_register_image_state_change_handler (in /usr/lib/system/libdyld.dylib)
==9008==    by 0x1005D107B: _objc_init (in /usr/lib/libobjc.A.dylib)
==9008==    by 0x1001D7C93: _os_object_init (in /usr/lib/system/libdispatch.dylib)
==9008==    by 0x1001D7C7F: libdispatch_init (in /usr/lib/system/libdispatch.dylib)
==9008==    by 0x1000C1A01: libSystem_initializer (in /usr/lib/libSystem.B.dylib)
==9008==    by 0x7FFF5FC1310A: ImageLoaderMachO::doModInitFunctions(ImageLoader::LinkContext const&) (in /usr/lib/dyld)
==9008==    by 0x7FFF5FC13283: ImageLoaderMachO::doInitialization(ImageLoader::LinkContext const&) (in /usr/lib/dyld)
==9008== 
==9008== 1,008 bytes in 1 blocks are still reachable in loss record 55 of 65
==9008==    at 0x10000978B: malloc_zone_calloc (in /usr/local/Cellar/valgrind/3.11.0/lib/valgrind/vgpreload_memcheck-amd64-darwin.so)
==9008==    by 0x1005D483B: NXCreateHashTableFromZone (in /usr/lib/libobjc.A.dylib)
==9008==    by 0x1005D47B9: NXCreateMapTableFromZone (in /usr/lib/libobjc.A.dylib)
==9008==    by 0x1005D5965: realizeClass(objc_class*) (in /usr/lib/libobjc.A.dylib)
==9008==    by 0x1005D5300: copySwiftV1MangledName(char const*, bool) (in /usr/lib/libobjc.A.dylib)
==9008==    by 0x1005D3CE9: _read_images (in /usr/lib/libobjc.A.dylib)
==9008==    by 0x1005D25DA: map_images_nolock (in /usr/lib/libobjc.A.dylib)
==9008==    by 0x1005E4C6C: batchFinalizeOnTwoThreads(_malloc_zone_t*, void (*)(auto_zone_cursor*, void (*)(void*, void*), void*), auto_zone_cursor*, unsigned long) (in /usr/lib/libobjc.A.dylib)
==9008==    by 0x7FFF5FC047CF: dyld::notifyBatchPartial(dyld_image_states, bool, char const* (*)(dyld_image_states, unsigned int, dyld_image_info const*)) (in /usr/lib/dyld)
==9008==    by 0x7FFF5FC04516: dyld::registerImageStateBatchChangeHandler(dyld_image_states, char const* (*)(dyld_image_states, unsigned int, dyld_image_info const*)) (in /usr/lib/dyld)
==9008==    by 0x10022F89D: dyld_register_image_state_change_handler (in /usr/lib/system/libdyld.dylib)
==9008==    by 0x1005D107B: _objc_init (in /usr/lib/libobjc.A.dylib)
==9008== 
==9008== 1,008 bytes in 1 blocks are still reachable in loss record 56 of 65
==9008==    at 0x10000978B: malloc_zone_calloc (in /usr/local/Cellar/valgrind/3.11.0/lib/valgrind/vgpreload_memcheck-amd64-darwin.so)
==9008==    by 0x1005D483B: NXCreateHashTableFromZone (in /usr/lib/libobjc.A.dylib)
==9008==    by 0x1005D47B9: NXCreateMapTableFromZone (in /usr/lib/libobjc.A.dylib)
==9008==    by 0x1005D5965: realizeClass(objc_class*) (in /usr/lib/libobjc.A.dylib)
==9008==    by 0x1005D3CE9: _read_images (in /usr/lib/libobjc.A.dylib)
==9008==    by 0x1005D25DA: map_images_nolock (in /usr/lib/libobjc.A.dylib)
==9008==    by 0x1005E4C6C: batchFinalizeOnTwoThreads(_malloc_zone_t*, void (*)(auto_zone_cursor*, void (*)(void*, void*), void*), auto_zone_cursor*, unsigned long) (in /usr/lib/libobjc.A.dylib)
==9008==    by 0x7FFF5FC047CF: dyld::notifyBatchPartial(dyld_image_states, bool, char const* (*)(dyld_image_states, unsigned int, dyld_image_info const*)) (in /usr/lib/dyld)
==9008==    by 0x7FFF5FC04516: dyld::registerImageStateBatchChangeHandler(dyld_image_states, char const* (*)(dyld_image_states, unsigned int, dyld_image_info const*)) (in /usr/lib/dyld)
==9008==    by 0x10022F89D: dyld_register_image_state_change_handler (in /usr/lib/system/libdyld.dylib)
==9008==    by 0x1005D107B: _objc_init (in /usr/lib/libobjc.A.dylib)
==9008==    by 0x1001D7C93: _os_object_init (in /usr/lib/system/libdispatch.dylib)
==9008== 
==9008== 2,064 bytes in 1 blocks are possibly lost in loss record 58 of 65
==9008==    at 0x10000917C: malloc_zone_malloc (in /usr/local/Cellar/valgrind/3.11.0/lib/valgrind/vgpreload_memcheck-amd64-darwin.so)
==9008==    by 0x1005E1EFD: _objc_copyClassNamesForImage (in /usr/lib/libobjc.A.dylib)
==9008==    by 0x1005D5182: protocols() (in /usr/lib/libobjc.A.dylib)
==9008==    by 0x1005D5093: readClass(objc_class*, bool, bool) (in /usr/lib/libobjc.A.dylib)
==9008==    by 0x1005D2C13: gc_init (in /usr/lib/libobjc.A.dylib)
==9008==    by 0x1005DA24E: objc_initializeClassPair_internal(objc_class*, char const*, objc_class*, objc_class*) (in /usr/lib/libobjc.A.dylib)
==9008==    by 0x1005E7132: layout_string_create (in /usr/lib/libobjc.A.dylib)
==9008==    by 0x1005D583C: realizeClass(objc_class*) (in /usr/lib/libobjc.A.dylib)
==9008==    by 0x1005D5300: copySwiftV1MangledName(char const*, bool) (in /usr/lib/libobjc.A.dylib)
==9008==    by 0x1005D52E9: copySwiftV1MangledName(char const*, bool) (in /usr/lib/libobjc.A.dylib)
==9008==    by 0x1005D52E9: copySwiftV1MangledName(char const*, bool) (in /usr/lib/libobjc.A.dylib)
==9008==    by 0x1005D52E9: copySwiftV1MangledName(char const*, bool) (in /usr/lib/libobjc.A.dylib)
==9008== 
==9008== 2,064 bytes in 1 blocks are indirectly lost in loss record 59 of 65
==9008==    at 0x10000917C: malloc_zone_malloc (in /usr/local/Cellar/valgrind/3.11.0/lib/valgrind/vgpreload_memcheck-amd64-darwin.so)
==9008==    by 0x1005E1EFD: _objc_copyClassNamesForImage (in /usr/lib/libobjc.A.dylib)
==9008==    by 0x1005D42D4: _read_images (in /usr/lib/libobjc.A.dylib)
==9008==    by 0x1005D99EB: object_setClass (in /usr/lib/libobjc.A.dylib)
==9008==    by 0x1005D346E: objc_opt::objc_stringhash_t::hash(char const*, unsigned long) const (in /usr/lib/libobjc.A.dylib)
==9008==    by 0x1005D25DA: map_images_nolock (in /usr/lib/libobjc.A.dylib)
==9008==    by 0x1005E4C6C: batchFinalizeOnTwoThreads(_malloc_zone_t*, void (*)(auto_zone_cursor*, void (*)(void*, void*), void*), auto_zone_cursor*, unsigned long) (in /usr/lib/libobjc.A.dylib)
==9008==    by 0x7FFF5FC047CF: dyld::notifyBatchPartial(dyld_image_states, bool, char const* (*)(dyld_image_states, unsigned int, dyld_image_info const*)) (in /usr/lib/dyld)
==9008==    by 0x7FFF5FC04516: dyld::registerImageStateBatchChangeHandler(dyld_image_states, char const* (*)(dyld_image_states, unsigned int, dyld_image_info const*)) (in /usr/lib/dyld)
==9008==    by 0x10022F89D: dyld_register_image_state_change_handler (in /usr/lib/system/libdyld.dylib)
==9008==    by 0x1005D107B: _objc_init (in /usr/lib/libobjc.A.dylib)
==9008==    by 0x1001D7C93: _os_object_init (in /usr/lib/system/libdispatch.dylib)
==9008== 
==9008== 2,088 (24 direct, 2,064 indirect) bytes in 1 blocks are definitely lost in loss record 60 of 65
==9008==    at 0x10000917C: malloc_zone_malloc (in /usr/local/Cellar/valgrind/3.11.0/lib/valgrind/vgpreload_memcheck-amd64-darwin.so)
==9008==    by 0x1005D41E4: _read_images (in /usr/lib/libobjc.A.dylib)
==9008==    by 0x1005D99EB: object_setClass (in /usr/lib/libobjc.A.dylib)
==9008==    by 0x1005D346E: objc_opt::objc_stringhash_t::hash(char const*, unsigned long) const (in /usr/lib/libobjc.A.dylib)
==9008==    by 0x1005D25DA: map_images_nolock (in /usr/lib/libobjc.A.dylib)
==9008==    by 0x1005E4C6C: batchFinalizeOnTwoThreads(_malloc_zone_t*, void (*)(auto_zone_cursor*, void (*)(void*, void*), void*), auto_zone_cursor*, unsigned long) (in /usr/lib/libobjc.A.dylib)
==9008==    by 0x7FFF5FC047CF: dyld::notifyBatchPartial(dyld_image_states, bool, char const* (*)(dyld_image_states, unsigned int, dyld_image_info const*)) (in /usr/lib/dyld)
==9008==    by 0x7FFF5FC04516: dyld::registerImageStateBatchChangeHandler(dyld_image_states, char const* (*)(dyld_image_states, unsigned int, dyld_image_info const*)) (in /usr/lib/dyld)
==9008==    by 0x10022F89D: dyld_register_image_state_change_handler (in /usr/lib/system/libdyld.dylib)
==9008==    by 0x1005D107B: _objc_init (in /usr/lib/libobjc.A.dylib)
==9008==    by 0x1001D7C93: _os_object_init (in /usr/lib/system/libdispatch.dylib)
==9008==    by 0x1001D7C7F: libdispatch_init (in /usr/lib/system/libdispatch.dylib)
==9008== 
==9008== 2,624 bytes in 41 blocks are possibly lost in loss record 61 of 65
==9008==    at 0x1000095B9: calloc (in /usr/local/Cellar/valgrind/3.11.0/lib/valgrind/vgpreload_memcheck-amd64-darwin.so)
==9008==    by 0x1005D5231: NXMapGet (in /usr/lib/libobjc.A.dylib)
==9008==    by 0x1005D3CE9: _read_images (in /usr/lib/libobjc.A.dylib)
==9008==    by 0x1005D25DA: map_images_nolock (in /usr/lib/libobjc.A.dylib)
==9008==    by 0x1005E4C6C: batchFinalizeOnTwoThreads(_malloc_zone_t*, void (*)(auto_zone_cursor*, void (*)(void*, void*), void*), auto_zone_cursor*, unsigned long) (in /usr/lib/libobjc.A.dylib)
==9008==    by 0x7FFF5FC047CF: dyld::notifyBatchPartial(dyld_image_states, bool, char const* (*)(dyld_image_states, unsigned int, dyld_image_info const*)) (in /usr/lib/dyld)
==9008==    by 0x7FFF5FC04516: dyld::registerImageStateBatchChangeHandler(dyld_image_states, char const* (*)(dyld_image_states, unsigned int, dyld_image_info const*)) (in /usr/lib/dyld)
==9008==    by 0x10022F89D: dyld_register_image_state_change_handler (in /usr/lib/system/libdyld.dylib)
==9008==    by 0x1005D107B: _objc_init (in /usr/lib/libobjc.A.dylib)
==9008==    by 0x1001D7C93: _os_object_init (in /usr/lib/system/libdispatch.dylib)
==9008==    by 0x1001D7C7F: libdispatch_init (in /usr/lib/system/libdispatch.dylib)
==9008==    by 0x1000C1A01: libSystem_initializer (in /usr/lib/libSystem.B.dylib)
==9008== 
==9008== 4,000 bytes in 1 blocks are definitely lost in loss record 63 of 65
==9008==    at 0x100008EBB: malloc (in /usr/local/Cellar/valgrind/3.11.0/lib/valgrind/vgpreload_memcheck-amd64-darwin.so)
==9008==    by 0x10004C7DD: operator new(unsigned long) (in /usr/lib/libc++.1.dylib)
==9008==    by 0x100000F8A: main (memleak.cpp:4)
==9008== 
==9008== 4,096 bytes in 1 blocks are definitely lost in loss record 64 of 65
==9008==    at 0x100009EEA: malloc_zone_memalign (in /usr/local/Cellar/valgrind/3.11.0/lib/valgrind/vgpreload_memcheck-amd64-darwin.so)
==9008==    by 0x1005D6823: addSubclass(objc_class*, objc_class*) (in /usr/lib/libobjc.A.dylib)
==9008==    by 0x1005D6452: realizeClass(objc_class*) (in /usr/lib/libobjc.A.dylib)
==9008==    by 0x1005D60A0: realizeClass(objc_class*) (in /usr/lib/libobjc.A.dylib)
==9008==    by 0x7FFF5FC01DE0: dyld::notifySingle(dyld_image_states, ImageLoader const*) (in /usr/lib/dyld)
==9008==    by 0x7FFF5FC0F8A9: ImageLoader::recursiveInitialization(ImageLoader::LinkContext const&, unsigned int, ImageLoader::InitializerTimingList&, ImageLoader::UninitedUpwards&) (in /usr/lib/dyld)
==9008==    by 0x7FFF5FC0F742: ImageLoader::processInitializers(ImageLoader::LinkContext const&, unsigned int, ImageLoader::InitializerTimingList&, ImageLoader::UninitedUpwards&) (in /usr/lib/dyld)
==9008==    by 0x7FFF5FC0F770: ImageLoader::processInitializers(ImageLoader::LinkContext const&, unsigned int, ImageLoader::InitializerTimingList&, ImageLoader::UninitedUpwards&) (in /usr/lib/dyld)
==9008==    by 0x7FFF5FC0F9B2: ImageLoader::runInitializers(ImageLoader::LinkContext const&, ImageLoader::InitializerTimingList&) (in /usr/lib/dyld)
==9008==    by 0x7FFF5FC020AA: dyld::initializeMainExecutable() (in /usr/lib/dyld)
==9008==    by 0x7FFF5FC05D97: dyld::_main(macho_header const*, unsigned long, int, char const**, char const**, char const**, unsigned long*) (in /usr/lib/dyld)
==9008==    by 0x7FFF5FC01275: dyldbootstrap::start(macho_header const*, int, char const**, long, macho_header const*, unsigned long*) (in /usr/lib/dyld)
==9008== 
==9008== 20,000 bytes in 1 blocks are definitely lost in loss record 65 of 65
==9008==    at 0x100008EBB: malloc (in /usr/local/Cellar/valgrind/3.11.0/lib/valgrind/vgpreload_memcheck-amd64-darwin.so)
==9008==    by 0x10004C7DD: operator new(unsigned long) (in /usr/lib/libc++.1.dylib)
==9008==    by 0x100000F7A: main (memleak.cpp:3)
==9008== 
==9008== LEAK SUMMARY:
==9008==    definitely lost: 28,120 bytes in 4 blocks
==9008==    indirectly lost: 2,288 bytes in 6 blocks
==9008==      possibly lost: 4,880 bytes in 45 blocks
==9008==    still reachable: 2,344 bytes in 12 blocks
==9008==         suppressed: 8,494 bytes in 125 blocks
==9008== 
==9008== ERROR SUMMARY: 8 errors from 8 contexts (suppressed: 13 from 13)
--9008-- 
--9008-- used_suppression:     10 OSX1010:5-Leak /usr/local/Cellar/valgrind/3.11.0/lib/valgrind/default.supp:788 suppressed: 3,392 bytes in 55 blocks
--9008-- used_suppression:     11 OSX1010:1-Leak /usr/local/Cellar/valgrind/3.11.0/lib/valgrind/default.supp:747 suppressed: 2,216 bytes in 27 blocks
--9008-- used_suppression:     19 OSX1010:10-Leak /usr/local/Cellar/valgrind/3.11.0/lib/valgrind/default.supp:840 suppressed: 2,590 bytes in 41 blocks
--9008-- used_suppression:      2 OSX1010:8-Leak /usr/local/Cellar/valgrind/3.11.0/lib/valgrind/default.supp:820 suppressed: 520 bytes in 2 blocks
==9008== 
==9008== ERROR SUMMARY: 8 errors from 8 contexts (suppressed: 13 from 13)
