==22103== Memcheck, a memory error detector
==22103== Copyright (C) 2002-2015, and GNU GPL'd, by Julian Seward et al.
==22103== Using Valgrind-3.11.0 and LibVEX; rerun with -h for copyright info
==22103== Command: ./a.out
==22103== Parent PID: 22102
==22103== 
--22103-- 
--22103-- Valgrind options:
--22103--    --verbose
--22103--    --tool=memcheck
--22103--    --show-reachable=yes
--22103--    --track-fds=yes
--22103--    --trace-children=yes
--22103--    --track-origins=yes
--22103--    --leak-check=full
--22103--    --log-file=valgrind.log
--22103-- Output from sysctl({CTL_KERN,KERN_VERSION}):
--22103--   Darwin Kernel Version 14.5.0: Tue Sep  1 21:23:09 PDT 2015; root:xnu-2782.50.1~1/RELEASE_X86_64
--22103-- Arch and hwcaps: AMD64, LittleEndian, amd64-cx16-lzcnt-rdtscp-sse3-avx-avx2-bmi
--22103-- Page sizes: currently 4096, max supported 4096
--22103-- Valgrind library directory: /usr/local/Cellar/valgrind/3.11.0/lib/valgrind
--22103-- ./a.out (rx at 0x100000000, rw at 0x100001000)
--22103--    reading syms   from primary file (2 8)
--22103--    dSYM= ./a.out.dSYM/Contents/Resources/DWARF/a.out
--22103--    reading dwarf3 from dsyms file
--22103-- /usr/lib/dyld (rx at 0x7fff5fc00000, rw at 0x7fff5fc37000)
--22103--    reading syms   from primary file (6 1221)
--22103-- Scheduler: using generic scheduler lock implementation.
--22103-- Reading suppressions file: /usr/local/Cellar/valgrind/3.11.0/lib/valgrind/default.supp
==22103== embedded gdbserver: reading from /var/folders/3x/fzb94s3909nfb2hdqsxnmt6w0000gq/T//vgdb-pipe-from-vgdb-to-22103-by-bond-on-???
==22103== embedded gdbserver: writing to   /var/folders/3x/fzb94s3909nfb2hdqsxnmt6w0000gq/T//vgdb-pipe-to-vgdb-from-22103-by-bond-on-???
==22103== embedded gdbserver: shared mem   /var/folders/3x/fzb94s3909nfb2hdqsxnmt6w0000gq/T//vgdb-pipe-shared-mem-vgdb-22103-by-bond-on-???
==22103== 
==22103== TO CONTROL THIS PROCESS USING vgdb (which you probably
==22103== don't want to do, unless you know exactly what you're doing,
==22103== or are doing some strange experiment):
==22103==   /usr/local/Cellar/valgrind/3.11.0/lib/valgrind/../../bin/vgdb --pid=22103 ...command...
==22103== 
==22103== TO DEBUG THIS PROCESS USING GDB: start GDB like this
==22103==   /path/to/gdb ./a.out
==22103== and then give GDB the following command
==22103==   target remote | /usr/local/Cellar/valgrind/3.11.0/lib/valgrind/../../bin/vgdb --pid=22103
==22103== --pid is optional if only one valgrind process is running
==22103== 
--22103-- REDIR: 0x7fff5fc1e459 (dyld:arc4random) redirected to 0x23805b99f (???)
--22103-- REDIR: 0x7fff5fc245e0 (dyld:strcmp) redirected to 0x23805b901 (???)
--22103-- REDIR: 0x7fff5fc1e220 (dyld:strlen) redirected to 0x23805b8d0 (???)
--22103-- REDIR: 0x7fff5fc1e180 (dyld:strcpy) redirected to 0x23805b91d (???)
--22103-- REDIR: 0x7fff5fc21b2e (dyld:strcat) redirected to 0x23805b8e1 (???)
--22103-- REDIR: 0x7fff5fc21b6e (dyld:strlcat) redirected to 0x23805b93a (???)
--22103-- /usr/local/Cellar/valgrind/3.11.0/lib/valgrind/vgpreload_core-amd64-darwin.so (rx at 0x100003000, rw at 0x100005000)
--22103--    reading syms   from primary file (3 21)
--22103--    dSYM= /usr/local/Cellar/valgrind/3.11.0/lib/valgrind/vgpreload_core-amd64-darwin.so.dSYM/Contents/Resources/DWARF/vgpreload_core-amd64-darwin.so
--22103-- /usr/local/Cellar/valgrind/3.11.0/lib/valgrind/vgpreload_memcheck-amd64-darwin.so (rx at 0x100007000, rw at 0x10000d000)
--22103--    reading syms   from primary file (72 29)
--22103--    dSYM= /usr/local/Cellar/valgrind/3.11.0/lib/valgrind/vgpreload_memcheck-amd64-darwin.so.dSYM/Contents/Resources/DWARF/vgpreload_memcheck-amd64-darwin.so
--22103-- /usr/lib/libc++.1.dylib (rx at 0x100010000, rw at 0x100065000)
--22103--    reading syms   from primary file (1988 1558)
--22103-- /usr/lib/libSystem.B.dylib (rx at 0x1000c0000, rw at 0x1000c2000)
--22103--    reading syms   from primary file (31 5)
--22103-- /usr/lib/libc++abi.dylib (rx at 0x1000c7000, rw at 0x1000f3000)
--22103--    reading syms   from primary file (331 180)
--22103-- /usr/lib/system/libcache.dylib (rx at 0x100100000, rw at 0x100105000)
--22103--    reading syms   from primary file (30 29)
--22103-- /usr/lib/system/libcommonCrypto.dylib (rx at 0x100109000, rw at 0x100115000)
--22103--    reading syms   from primary file (214 187)
--22103-- /usr/lib/system/libcompiler_rt.dylib (rx at 0x100122000, rw at 0x10012a000)
--22103--    reading syms   from primary file (454 8)
--22103-- /usr/lib/system/libcopyfile.dylib (rx at 0x100135000, rw at 0x10013e000)
--22103--    reading syms   from primary file (13 35)
--22103-- /usr/lib/system/libcorecrypto.dylib (rx at 0x100144000, rw at 0x1001be000)
--22103--    reading syms   from primary file (421 574)
--22103-- /usr/lib/system/libdispatch.dylib (rx at 0x1001d5000, rw at 0x100200000)
--22103--    reading syms   from primary file (208 825)
--22103-- /usr/lib/system/libdyld.dylib (rx at 0x100224000, rw at 0x100228000)
--22103--    reading syms   from primary file (78 106)
--22103-- /usr/lib/system/libkeymgr.dylib (rx at 0x10022e000, rw at 0x10022f000)
--22103--    reading syms   from primary file (12 3)
--22103-- /usr/lib/system/libmacho.dylib (rx at 0x100239000, rw at 0x10023f000)
--22103--    reading syms   from primary file (97 1)
--22103-- /usr/lib/system/libquarantine.dylib (rx at 0x100244000, rw at 0x100247000)
--22103--    reading syms   from primary file (66 6)
--22103-- /usr/lib/system/libremovefile.dylib (rx at 0x10024b000, rw at 0x10024d000)
--22103--    reading syms   from primary file (15 4)
--22103-- /usr/lib/system/libsystem_asl.dylib (rx at 0x100252000, rw at 0x100269000)
--22103--    reading syms   from primary file (212 214)
--22103-- /usr/lib/system/libsystem_blocks.dylib (rx at 0x100275000, rw at 0x100277000)
--22103--    reading syms   from primary file (25 23)
--22103-- /usr/lib/system/libsystem_c.dylib (rx at 0x10027b000, rw at 0x100308000)
--22103--    reading syms   from primary file (1305 738)
--22103-- /usr/lib/system/libsystem_configuration.dylib (rx at 0x100332000, rw at 0x100335000)
--22103--    reading syms   from primary file (27 58)
--22103-- /usr/lib/system/libsystem_coreservices.dylib (rx at 0x10033a000, rw at 0x10033d000)
--22103--    reading syms   from primary file (10 25)
--22103-- /usr/lib/system/libsystem_coretls.dylib (rx at 0x100341000, rw at 0x100353000)
--22103--    reading syms   from primary file (97 1456)
--22103-- /usr/lib/system/libsystem_dnssd.dylib (rx at 0x100362000, rw at 0x10036b000)
--22103--    reading syms   from primary file (68 32)
--22103-- /usr/lib/system/libsystem_info.dylib (rx at 0x100370000, rw at 0x100399000)
--22103--    reading syms   from primary file (526 524)
--22103-- /usr/lib/system/libsystem_kernel.dylib (rx at 0x1003ae000, rw at 0x1003cc000)
--22103--    reading syms   from primary file (1024 83)
--22103-- /usr/lib/system/libsystem_m.dylib (rx at 0x1003e1000, rw at 0x100412000)
--22103--    reading syms   from primary file (593 1)
--22103-- /usr/lib/system/libsystem_malloc.dylib (rx at 0x10041d000, rw at 0x10043a000)
--22103--    reading syms   from primary file (102 201)
--22103-- /usr/lib/system/libsystem_network.dylib (rx at 0x100443000, rw at 0x10047c000)
--22103--    reading syms   from primary file (232 1639)
--22103-- /usr/lib/system/libsystem_networkextension.dylib (rx at 0x1004a3000, rw at 0x1004aa000)
--22103--    reading syms   from primary file (44 211)
--22103-- /usr/lib/system/libsystem_notify.dylib (rx at 0x1004b3000, rw at 0x1004bd000)
--22103--    reading syms   from primary file (138 49)
--22103-- /usr/lib/system/libsystem_platform.dylib (rx at 0x1004c5000, rw at 0x1004ce000)
--22103--    reading syms   from primary file (142 158)
--22103-- /usr/lib/system/libsystem_pthread.dylib (rx at 0x1004d6000, rw at 0x1004e0000)
--22103--    reading syms   from primary file (158 62)
--22103-- /usr/lib/system/libsystem_sandbox.dylib (rx at 0x1004eb000, rw at 0x1004ee000)
--22103--    reading syms   from primary file (72 11)
--22103-- /usr/lib/system/libsystem_secinit.dylib (rx at 0x1004f3000, rw at 0x1004f5000)
--22103--    reading syms   from primary file (3 6)
--22103-- /usr/lib/system/libsystem_stats.dylib (rx at 0x1004fa000, rw at 0x100500000)
--22103--    reading syms   from primary file (30 48)
--22103-- /usr/lib/system/libsystem_trace.dylib (rx at 0x100506000, rw at 0x10050d000)
--22103--    reading syms   from primary file (47 171)
--22103-- /usr/lib/system/libunwind.dylib (rx at 0x10051a000, rw at 0x100520000)
--22103--    reading syms   from primary file (102 52)
--22103-- /usr/lib/system/libxpc.dylib (rx at 0x100526000, rw at 0x10054f000)
--22103--    reading syms   from primary file (487 816)
--22103-- /usr/lib/libobjc.A.dylib (rx at 0x10056b000, rw at 0x100766000)
--22103--    reading syms   from primary file (345 814)
--22103-- /usr/lib/libauto.dylib (rx at 0x10078d000, rw at 0x1007d4000)
--22103--    reading syms   from primary file (68 659)
--22103-- /usr/lib/libDiagnosticMessagesClient.dylib (rx at 0x1007e8000, rw at 0x1007ea000)
--22103--    reading syms   from primary file (21 14)
--22103-- REDIR: 0x1004c5c00 (libsystem_platform.dylib:_platform_memchr$VARIANT$Haswell) redirected to 0x10000ab73 (_platform_memchr$VARIANT$Haswell)
--22103-- REDIR: 0x1004c5ce0 (libsystem_platform.dylib:_platform_memcmp) redirected to 0x10000b0af (_platform_memcmp)
--22103-- REDIR: 0x1004c6000 (libsystem_platform.dylib:_platform_strncmp) redirected to 0x10000aa25 (_platform_strncmp)
--22103-- REDIR: 0x10041e15d (libsystem_malloc.dylib:malloc) redirected to 0x100008e3a (malloc)
--22103-- REDIR: 0x100421000 (libsystem_malloc.dylib:malloc_default_zone) redirected to 0x10000a2a4 (malloc_default_zone)
--22103-- REDIR: 0x10041f620 (libsystem_malloc.dylib:malloc_zone_malloc) redirected to 0x1000090ee (malloc_zone_malloc)
--22103-- REDIR: 0x10042101f (libsystem_malloc.dylib:free) redirected to 0x10000927a (free)
--22103-- REDIR: 0x100422b42 (libsystem_malloc.dylib:malloc_zone_calloc) redirected to 0x1000096f4 (malloc_zone_calloc)
--22103-- REDIR: 0x100422c01 (libsystem_malloc.dylib:malloc_zone_from_ptr) redirected to 0x10000a2e5 (malloc_zone_from_ptr)
--22103-- REDIR: 0x1004c7b00 (libsystem_platform.dylib:_platform_strcmp) redirected to 0x10000aac5 (_platform_strcmp)
--22103-- REDIR: 0x10027bf80 (libsystem_c.dylib:strlen) redirected to 0x10000a6b4 (strlen)
--22103-- REDIR: 0x100423515 (libsystem_malloc.dylib:calloc) redirected to 0x1000094f2 (calloc)
--22103-- REDIR: 0x1004c61e0 (libsystem_platform.dylib:_platform_strchr$VARIANT$Haswell) redirected to 0x10000a57a (_platform_strchr$VARIANT$Haswell)
--22103-- REDIR: 0x100423581 (libsystem_malloc.dylib:malloc_zone_realloc) redirected to 0x100009a84 (malloc_zone_realloc)
--22103-- REDIR: 0x100424064 (libsystem_malloc.dylib:malloc_zone_memalign) redirected to 0x100009e3c (malloc_zone_memalign)
--22103-- REDIR: 0x10042602e (libsystem_malloc.dylib:malloc_zone_free) redirected to 0x1000093a0 (malloc_zone_free)
==22103== 
==22103== FILE DESCRIPTORS: 4 open at exit.
==22103== Open file descriptor 3: /Users/bond/projects/classes/cs32/discussion3/valgrind.log
==22103==    <inherited from parent>
==22103== 
==22103== Open file descriptor 2: /dev/ttys011
==22103==    <inherited from parent>
==22103== 
==22103== Open file descriptor 1: /dev/ttys011
==22103==    <inherited from parent>
==22103== 
==22103== Open file descriptor 0: /dev/ttys011
==22103==    <inherited from parent>
==22103== 
==22103== 
==22103== HEAP SUMMARY:
==22103==     in use at exit: 58,798 bytes in 430 blocks
==22103==   total heap usage: 509 allocs, 79 frees, 64,958 bytes allocated
==22103== 
==22103== Searching for pointers to 430 not-freed blocks
==22103== Checked 9,059,240 bytes
==22103== 
==22103== 4,000 bytes in 1 blocks are definitely lost in loss record 80 of 82
==22103==    at 0x100008EBB: malloc (in /usr/local/Cellar/valgrind/3.11.0/lib/valgrind/vgpreload_memcheck-amd64-darwin.so)
==22103==    by 0x10004D43D: operator new(unsigned long) (in /usr/lib/libc++.1.dylib)
==22103==    by 0x100000F7A: main (memleak.cpp:4)
==22103== 
==22103== 20,000 bytes in 1 blocks are definitely lost in loss record 82 of 82
==22103==    at 0x100008EBB: malloc (in /usr/local/Cellar/valgrind/3.11.0/lib/valgrind/vgpreload_memcheck-amd64-darwin.so)
==22103==    by 0x10004D43D: operator new(unsigned long) (in /usr/lib/libc++.1.dylib)
==22103==    by 0x100000F6A: main (memleak.cpp:3)
==22103== 
==22103== LEAK SUMMARY:
==22103==    definitely lost: 24,000 bytes in 2 blocks
==22103==    indirectly lost: 0 bytes in 0 blocks
==22103==      possibly lost: 0 bytes in 0 blocks
==22103==    still reachable: 0 bytes in 0 blocks
==22103==         suppressed: 34,798 bytes in 428 blocks
==22103== 
==22103== ERROR SUMMARY: 2 errors from 2 contexts (suppressed: 17 from 17)
--22103-- 
--22103-- used_suppression:      1 OSX1010:13-Leak /usr/local/Cellar/valgrind/3.11.0/lib/valgrind/default.supp:867 suppressed: 4,096 bytes in 1 blocks
--22103-- used_suppression:      2 OSX1010:1-Leak /usr/local/Cellar/valgrind/3.11.0/lib/valgrind/default.supp:747 suppressed: 5,936 bytes in 45 blocks
--22103-- used_suppression:     37 OSX1010:6-Leak /usr/local/Cellar/valgrind/3.11.0/lib/valgrind/default.supp:798 suppressed: 14,936 bytes in 261 blocks
--22103-- used_suppression:     14 OSX1010:7-Leak /usr/local/Cellar/valgrind/3.11.0/lib/valgrind/default.supp:809 suppressed: 7,218 bytes in 75 blocks
--22103-- used_suppression:     18 OSX1010:10-Leak /usr/local/Cellar/valgrind/3.11.0/lib/valgrind/default.supp:840 suppressed: 2,356 bytes in 38 blocks
--22103-- used_suppression:      1 OSX1010:9-Leak /usr/local/Cellar/valgrind/3.11.0/lib/valgrind/default.supp:830 suppressed: 64 bytes in 1 blocks
--22103-- used_suppression:      6 OSX1010:5-Leak /usr/local/Cellar/valgrind/3.11.0/lib/valgrind/default.supp:788 suppressed: 176 bytes in 6 blocks
--22103-- used_suppression:      1 OSX1010:3-Leak /usr/local/Cellar/valgrind/3.11.0/lib/valgrind/default.supp:765 suppressed: 16 bytes in 1 blocks
==22103== 
==22103== ERROR SUMMARY: 2 errors from 2 contexts (suppressed: 17 from 17)
